2025-08-16 04:03:59,006 - INFO - Using device: cuda
2025-08-16 04:03:59,008 - INFO - Combined Vocab Size: 67
2025-08-16 04:03:59,009 - INFO - Max sentence length in dataset: 24
2025-08-16 04:03:59,009 - INFO - Transformer Positional Encoding Max Length: 24
2025-08-16 04:03:59,213 - INFO - 
Model initialized with 0.93 M parameters on cuda
2025-08-16 04:04:02,436 - INFO - 
--- Starting Training ---
2025-08-16 04:04:03,443 - INFO - Epoch 1/200, Loss: 4.5764
2025-08-16 04:04:03,892 - INFO - Epoch 2/200, Loss: 4.0006
2025-08-16 04:04:04,256 - INFO - Epoch 3/200, Loss: 3.8771
2025-08-16 04:04:04,641 - INFO - Epoch 4/200, Loss: 3.7291
2025-08-16 04:04:05,378 - INFO - Epoch 5/200, Loss: 3.7184, BLEU Score: 0.0000
2025-08-16 04:04:05,797 - INFO - Epoch 6/200, Loss: 3.7872
2025-08-16 04:04:06,211 - INFO - Epoch 7/200, Loss: 3.7108
2025-08-16 04:04:06,682 - INFO - Epoch 8/200, Loss: 3.6607
2025-08-16 04:04:07,131 - INFO - Epoch 9/200, Loss: 3.5814
2025-08-16 04:04:07,909 - INFO - Epoch 10/200, Loss: 3.5884, BLEU Score: 0.0078
2025-08-16 04:04:08,337 - INFO - Epoch 11/200, Loss: 3.5193
2025-08-16 04:04:08,766 - INFO - Epoch 12/200, Loss: 3.5204
2025-08-16 04:04:09,158 - INFO - Epoch 13/200, Loss: 3.5194
2025-08-16 04:04:09,581 - INFO - Epoch 14/200, Loss: 3.4331
2025-08-16 04:04:10,342 - INFO - Epoch 15/200, Loss: 3.5105, BLEU Score: 0.0077
2025-08-16 04:04:10,845 - INFO - Epoch 16/200, Loss: 3.5016
2025-08-16 04:04:11,280 - INFO - Epoch 17/200, Loss: 3.3585
2025-08-16 04:04:11,718 - INFO - Epoch 18/200, Loss: 3.4028
2025-08-16 04:04:12,127 - INFO - Epoch 19/200, Loss: 3.4445
2025-08-16 04:04:12,981 - INFO - Epoch 20/200, Loss: 3.2711, BLEU Score: 0.0073
2025-08-16 04:04:13,453 - INFO - Epoch 21/200, Loss: 3.3254
2025-08-16 04:04:13,888 - INFO - Epoch 22/200, Loss: 3.2641
2025-08-16 04:04:14,299 - INFO - Epoch 23/200, Loss: 3.2244
2025-08-16 04:04:14,700 - INFO - Epoch 24/200, Loss: 3.2318
2025-08-16 04:04:15,907 - INFO - Epoch 25/200, Loss: 3.2568, BLEU Score: 0.0103
2025-08-16 04:04:16,403 - INFO - Epoch 26/200, Loss: 3.2088
2025-08-16 04:04:16,944 - INFO - Epoch 27/200, Loss: 3.1704
2025-08-16 04:04:17,495 - INFO - Epoch 28/200, Loss: 3.2064
2025-08-16 04:04:18,021 - INFO - Epoch 29/200, Loss: 3.0680
2025-08-16 04:04:19,010 - INFO - Epoch 30/200, Loss: 3.1536, BLEU Score: 0.0078
2025-08-16 04:04:19,444 - INFO - Epoch 31/200, Loss: 3.0763
2025-08-16 04:04:20,128 - INFO - Epoch 32/200, Loss: 3.0109
2025-08-16 04:04:20,711 - INFO - Epoch 33/200, Loss: 3.0510
2025-08-16 04:04:21,226 - INFO - Epoch 34/200, Loss: 3.0141
2025-08-16 04:04:22,330 - INFO - Epoch 35/200, Loss: 3.0323, BLEU Score: 0.0082
2025-08-16 04:04:22,863 - INFO - Epoch 36/200, Loss: 2.8980
2025-08-16 04:04:23,380 - INFO - Epoch 37/200, Loss: 2.8049
2025-08-16 04:04:23,913 - INFO - Epoch 38/200, Loss: 2.9135
2025-08-16 04:04:24,398 - INFO - Epoch 39/200, Loss: 2.8084
2025-08-16 04:04:25,431 - INFO - Epoch 40/200, Loss: 2.8614, BLEU Score: 0.0073
2025-08-16 04:04:25,956 - INFO - Epoch 41/200, Loss: 2.7849
2025-08-16 04:04:26,583 - INFO - Epoch 42/200, Loss: 2.7868
2025-08-16 04:04:27,219 - INFO - Epoch 43/200, Loss: 2.7241
2025-08-16 04:04:27,801 - INFO - Epoch 44/200, Loss: 2.7888
2025-08-16 04:04:28,888 - INFO - Epoch 45/200, Loss: 2.7244, BLEU Score: 0.0151
2025-08-16 04:04:29,459 - INFO - Epoch 46/200, Loss: 2.6922
2025-08-16 04:04:30,015 - INFO - Epoch 47/200, Loss: 2.6458
2025-08-16 04:04:30,596 - INFO - Epoch 48/200, Loss: 2.6796
2025-08-16 04:04:31,172 - INFO - Epoch 49/200, Loss: 2.5897
2025-08-16 04:04:32,593 - INFO - Epoch 50/200, Loss: 2.5696, BLEU Score: 0.0130
2025-08-16 04:04:33,153 - INFO - Epoch 51/200, Loss: 2.6858
2025-08-16 04:04:33,706 - INFO - Epoch 52/200, Loss: 2.5404
2025-08-16 04:04:34,291 - INFO - Epoch 53/200, Loss: 2.5586
2025-08-16 04:04:34,854 - INFO - Epoch 54/200, Loss: 2.6518
2025-08-16 04:04:36,038 - INFO - Epoch 55/200, Loss: 2.6076, BLEU Score: 0.0073
2025-08-16 04:04:36,609 - INFO - Epoch 56/200, Loss: 2.5248
2025-08-16 04:04:37,191 - INFO - Epoch 57/200, Loss: 2.5164
2025-08-16 04:04:37,775 - INFO - Epoch 58/200, Loss: 2.4892
2025-08-16 04:04:38,373 - INFO - Epoch 59/200, Loss: 2.4575
2025-08-16 04:04:39,558 - INFO - Epoch 60/200, Loss: 2.4604, BLEU Score: 0.0130
2025-08-16 04:04:40,065 - INFO - Epoch 61/200, Loss: 2.4179
2025-08-16 04:04:40,554 - INFO - Epoch 62/200, Loss: 2.4890
2025-08-16 04:04:41,048 - INFO - Epoch 63/200, Loss: 2.4149
2025-08-16 04:04:41,540 - INFO - Epoch 64/200, Loss: 2.4504
2025-08-16 04:04:42,488 - INFO - Epoch 65/200, Loss: 2.4033, BLEU Score: 0.0134
2025-08-16 04:04:42,962 - INFO - Epoch 66/200, Loss: 2.3320
2025-08-16 04:04:43,379 - INFO - Epoch 67/200, Loss: 2.3729
2025-08-16 04:04:43,852 - INFO - Epoch 68/200, Loss: 2.3642
2025-08-16 04:04:44,314 - INFO - Epoch 69/200, Loss: 2.3571
2025-08-16 04:04:45,205 - INFO - Epoch 70/200, Loss: 2.2930, BLEU Score: 0.0144
2025-08-16 04:04:45,668 - INFO - Epoch 71/200, Loss: 2.2916
2025-08-16 04:04:46,126 - INFO - Epoch 72/200, Loss: 2.3063
2025-08-16 04:04:46,586 - INFO - Epoch 73/200, Loss: 2.2915
2025-08-16 04:04:47,045 - INFO - Epoch 74/200, Loss: 2.2559
2025-08-16 04:04:47,913 - INFO - Epoch 75/200, Loss: 2.2274, BLEU Score: 0.0181
2025-08-16 04:04:48,342 - INFO - Epoch 76/200, Loss: 2.1598
2025-08-16 04:04:48,752 - INFO - Epoch 77/200, Loss: 2.1786
2025-08-16 04:04:49,199 - INFO - Epoch 78/200, Loss: 2.1759
2025-08-16 04:04:49,632 - INFO - Epoch 79/200, Loss: 2.1867
2025-08-16 04:04:50,529 - INFO - Epoch 80/200, Loss: 2.1552, BLEU Score: 0.0154
2025-08-16 04:04:50,955 - INFO - Epoch 81/200, Loss: 2.1575
2025-08-16 04:04:51,388 - INFO - Epoch 82/200, Loss: 2.1279
2025-08-16 04:04:51,813 - INFO - Epoch 83/200, Loss: 2.1940
2025-08-16 04:04:52,221 - INFO - Epoch 84/200, Loss: 2.1295
2025-08-16 04:04:53,166 - INFO - Epoch 85/200, Loss: 2.1563, BLEU Score: 0.0132
2025-08-16 04:04:53,579 - INFO - Epoch 86/200, Loss: 2.0935
2025-08-16 04:04:54,007 - INFO - Epoch 87/200, Loss: 2.1305
2025-08-16 04:04:54,414 - INFO - Epoch 88/200, Loss: 2.0989
2025-08-16 04:04:54,829 - INFO - Epoch 89/200, Loss: 2.0454
2025-08-16 04:04:55,674 - INFO - Epoch 90/200, Loss: 2.0304, BLEU Score: 0.0176
2025-08-16 04:04:56,122 - INFO - Epoch 91/200, Loss: 2.0589
2025-08-16 04:04:56,562 - INFO - Epoch 92/200, Loss: 2.0686
2025-08-16 04:04:57,007 - INFO - Epoch 93/200, Loss: 1.9850
2025-08-16 04:04:57,427 - INFO - Epoch 94/200, Loss: 2.0221
2025-08-16 04:04:58,278 - INFO - Epoch 95/200, Loss: 2.0552, BLEU Score: 0.0083
2025-08-16 04:04:58,721 - INFO - Epoch 96/200, Loss: 2.0301
2025-08-16 04:04:59,130 - INFO - Epoch 97/200, Loss: 2.0457
2025-08-16 04:04:59,535 - INFO - Epoch 98/200, Loss: 1.9714
2025-08-16 04:04:59,946 - INFO - Epoch 99/200, Loss: 1.9299
2025-08-16 04:05:00,802 - INFO - Epoch 100/200, Loss: 1.9516, BLEU Score: 0.0076
2025-08-16 04:05:01,251 - INFO - Epoch 101/200, Loss: 1.9366
2025-08-16 04:05:01,674 - INFO - Epoch 102/200, Loss: 1.9797
2025-08-16 04:05:02,179 - INFO - Epoch 103/200, Loss: 1.9706
2025-08-16 04:05:02,619 - INFO - Epoch 104/200, Loss: 1.8822
2025-08-16 04:05:03,456 - INFO - Epoch 105/200, Loss: 1.9035, BLEU Score: 0.0082
2025-08-16 04:05:03,916 - INFO - Epoch 106/200, Loss: 1.8623
2025-08-16 04:05:04,372 - INFO - Epoch 107/200, Loss: 1.8796
2025-08-16 04:05:04,806 - INFO - Epoch 108/200, Loss: 1.8806
2025-08-16 04:05:05,233 - INFO - Epoch 109/200, Loss: 1.8967
2025-08-16 04:05:06,133 - INFO - Epoch 110/200, Loss: 1.8267, BLEU Score: 0.0812
2025-08-16 04:05:06,544 - INFO - Epoch 111/200, Loss: 1.8672
2025-08-16 04:05:06,980 - INFO - Epoch 112/200, Loss: 1.8029
2025-08-16 04:05:07,395 - INFO - Epoch 113/200, Loss: 1.8101
2025-08-16 04:05:07,799 - INFO - Epoch 114/200, Loss: 1.7546
2025-08-16 04:05:08,625 - INFO - Epoch 115/200, Loss: 1.7371, BLEU Score: 0.0080
2025-08-16 04:05:09,066 - INFO - Epoch 116/200, Loss: 1.7551
2025-08-16 04:05:09,529 - INFO - Epoch 117/200, Loss: 1.7243
2025-08-16 04:05:09,971 - INFO - Epoch 118/200, Loss: 1.8457
2025-08-16 04:05:10,393 - INFO - Epoch 119/200, Loss: 1.7014
2025-08-16 04:05:11,287 - INFO - Epoch 120/200, Loss: 1.7246, BLEU Score: 0.0331
2025-08-16 04:05:11,708 - INFO - Epoch 121/200, Loss: 1.6931
2025-08-16 04:05:12,158 - INFO - Epoch 122/200, Loss: 1.7194
2025-08-16 04:05:12,603 - INFO - Epoch 123/200, Loss: 1.6865
2025-08-16 04:05:12,993 - INFO - Epoch 124/200, Loss: 1.6456
2025-08-16 04:05:13,861 - INFO - Epoch 125/200, Loss: 1.6430, BLEU Score: 0.0768
2025-08-16 04:05:14,284 - INFO - Epoch 126/200, Loss: 1.6221
2025-08-16 04:05:14,737 - INFO - Epoch 127/200, Loss: 1.6288
2025-08-16 04:05:15,184 - INFO - Epoch 128/200, Loss: 1.6891
2025-08-16 04:05:15,608 - INFO - Epoch 129/200, Loss: 1.6202
2025-08-16 04:05:16,441 - INFO - Epoch 130/200, Loss: 1.5976, BLEU Score: 0.0796
2025-08-16 04:05:16,832 - INFO - Epoch 131/200, Loss: 1.6833
2025-08-16 04:05:17,232 - INFO - Epoch 132/200, Loss: 1.5939
2025-08-16 04:05:17,690 - INFO - Epoch 133/200, Loss: 1.6399
2025-08-16 04:05:18,140 - INFO - Epoch 134/200, Loss: 1.6124
2025-08-16 04:05:19,031 - INFO - Epoch 135/200, Loss: 1.5968, BLEU Score: 0.0846
2025-08-16 04:05:19,470 - INFO - Epoch 136/200, Loss: 1.5369
2025-08-16 04:05:19,863 - INFO - Epoch 137/200, Loss: 1.4915
2025-08-16 04:05:20,277 - INFO - Epoch 138/200, Loss: 1.5863
2025-08-16 04:05:20,711 - INFO - Epoch 139/200, Loss: 1.4888
2025-08-16 04:05:21,624 - INFO - Epoch 140/200, Loss: 1.6326, BLEU Score: 0.0075
2025-08-16 04:05:22,096 - INFO - Epoch 141/200, Loss: 1.4128
2025-08-16 04:05:22,585 - INFO - Epoch 142/200, Loss: 1.4838
2025-08-16 04:05:23,007 - INFO - Epoch 143/200, Loss: 1.4833
2025-08-16 04:05:23,453 - INFO - Epoch 144/200, Loss: 1.4019
2025-08-16 04:05:24,314 - INFO - Epoch 145/200, Loss: 1.4874, BLEU Score: 0.0665
2025-08-16 04:05:24,753 - INFO - Epoch 146/200, Loss: 1.4750
2025-08-16 04:05:25,178 - INFO - Epoch 147/200, Loss: 1.4739
2025-08-16 04:05:25,585 - INFO - Epoch 148/200, Loss: 1.4910
2025-08-16 04:05:25,989 - INFO - Epoch 149/200, Loss: 1.4297
2025-08-16 04:05:26,957 - INFO - Epoch 150/200, Loss: 1.3788, BLEU Score: 0.0804
2025-08-16 04:05:27,420 - INFO - Epoch 151/200, Loss: 1.3935
2025-08-16 04:05:27,907 - INFO - Epoch 152/200, Loss: 1.3851
2025-08-16 04:05:28,364 - INFO - Epoch 153/200, Loss: 1.3580
2025-08-16 04:05:28,810 - INFO - Epoch 154/200, Loss: 1.4136
2025-08-16 04:05:29,796 - INFO - Epoch 155/200, Loss: 1.2621, BLEU Score: 0.1051
2025-08-16 04:05:30,292 - INFO - Epoch 156/200, Loss: 1.4192
2025-08-16 04:05:31,124 - INFO - Epoch 157/200, Loss: 1.3297
2025-08-16 04:05:31,753 - INFO - Epoch 158/200, Loss: 1.3931
2025-08-16 04:05:32,488 - INFO - Epoch 159/200, Loss: 1.2733
2025-08-16 04:05:34,132 - INFO - Epoch 160/200, Loss: 1.3003, BLEU Score: 0.1267
2025-08-16 04:05:34,697 - INFO - Epoch 161/200, Loss: 1.2789
2025-08-16 04:05:35,297 - INFO - Epoch 162/200, Loss: 1.3206
2025-08-16 04:05:35,846 - INFO - Epoch 163/200, Loss: 1.3045
2025-08-16 04:05:36,364 - INFO - Epoch 164/200, Loss: 1.3378
2025-08-16 04:05:37,471 - INFO - Epoch 165/200, Loss: 1.3603, BLEU Score: 0.1366
2025-08-16 04:05:37,991 - INFO - Epoch 166/200, Loss: 1.2376
2025-08-16 04:05:38,579 - INFO - Epoch 167/200, Loss: 1.1891
2025-08-16 04:05:39,113 - INFO - Epoch 168/200, Loss: 1.2081
2025-08-16 04:05:39,614 - INFO - Epoch 169/200, Loss: 1.1823
2025-08-16 04:05:40,777 - INFO - Epoch 170/200, Loss: 1.2508, BLEU Score: 0.1639
2025-08-16 04:05:41,380 - INFO - Epoch 171/200, Loss: 1.2416
2025-08-16 04:05:42,169 - INFO - Epoch 172/200, Loss: 1.2100
2025-08-16 04:05:42,946 - INFO - Epoch 173/200, Loss: 1.1912
2025-08-16 04:05:43,571 - INFO - Epoch 174/200, Loss: 1.2115
2025-08-16 04:05:44,803 - INFO - Epoch 175/200, Loss: 1.1612, BLEU Score: 0.1231
2025-08-16 04:05:45,354 - INFO - Epoch 176/200, Loss: 1.1164
2025-08-16 04:05:45,937 - INFO - Epoch 177/200, Loss: 1.1426
2025-08-16 04:05:46,564 - INFO - Epoch 178/200, Loss: 1.1546
2025-08-16 04:05:47,159 - INFO - Epoch 179/200, Loss: 1.1904
2025-08-16 04:05:48,445 - INFO - Epoch 180/200, Loss: 1.1226, BLEU Score: 0.2017
2025-08-16 04:05:49,032 - INFO - Epoch 181/200, Loss: 1.1469
2025-08-16 04:05:49,585 - INFO - Epoch 182/200, Loss: 1.1084
2025-08-16 04:05:50,218 - INFO - Epoch 183/200, Loss: 1.0750
2025-08-16 04:05:50,983 - INFO - Epoch 184/200, Loss: 1.0313
2025-08-16 04:05:52,608 - INFO - Epoch 185/200, Loss: 1.0511, BLEU Score: 0.2000
2025-08-16 04:05:53,272 - INFO - Epoch 186/200, Loss: 1.0758
2025-08-16 04:05:53,872 - INFO - Epoch 187/200, Loss: 1.1064
2025-08-16 04:05:54,453 - INFO - Epoch 188/200, Loss: 1.0973
2025-08-16 04:05:55,211 - INFO - Epoch 189/200, Loss: 1.0115
2025-08-16 04:05:56,244 - INFO - Epoch 190/200, Loss: 1.0184, BLEU Score: 0.1411
2025-08-16 04:05:56,741 - INFO - Epoch 191/200, Loss: 0.9152
2025-08-16 04:05:57,254 - INFO - Epoch 192/200, Loss: 1.0192
2025-08-16 04:05:57,762 - INFO - Epoch 193/200, Loss: 1.0051
2025-08-16 04:05:58,287 - INFO - Epoch 194/200, Loss: 1.0109
2025-08-16 04:05:59,326 - INFO - Epoch 195/200, Loss: 1.0257, BLEU Score: 0.2028
2025-08-16 04:05:59,860 - INFO - Epoch 196/200, Loss: 0.9825
2025-08-16 04:06:00,368 - INFO - Epoch 197/200, Loss: 1.0311
2025-08-16 04:06:00,890 - INFO - Epoch 198/200, Loss: 0.8950
2025-08-16 04:06:01,433 - INFO - Epoch 199/200, Loss: 0.9568
2025-08-16 04:06:02,567 - INFO - Epoch 200/200, Loss: 0.8774, BLEU Score: 0.1497
2025-08-16 04:06:02,568 - INFO - 
--- Training Complete ---
2025-08-16 04:06:02,568 - INFO - 
--- Epoch Metrics Log ---
2025-08-16 04:06:02,569 - INFO - [{'epoch': 1, 'loss': 4.576409657796224, 'bleu_score': -1.0}, {'epoch': 2, 'loss': 4.000553957621256, 'bleu_score': -1.0}, {'epoch': 3, 'loss': 3.8770883083343506, 'bleu_score': -1.0}, {'epoch': 4, 'loss': 3.7290550549825032, 'bleu_score': -1.0}, {'epoch': 5, 'loss': 3.7183905124664305, 'bleu_score': 0}, {'epoch': 6, 'loss': 3.787165911992391, 'bleu_score': -1.0}, {'epoch': 7, 'loss': 3.710849571228027, 'bleu_score': -1.0}, {'epoch': 8, 'loss': 3.6607239405314127, 'bleu_score': -1.0}, {'epoch': 9, 'loss': 3.581350088119507, 'bleu_score': -1.0}, {'epoch': 10, 'loss': 3.5883800983428955, 'bleu_score': 0.007795274631335565}, {'epoch': 11, 'loss': 3.5193318049112956, 'bleu_score': -1.0}, {'epoch': 12, 'loss': 3.5203697522481283, 'bleu_score': -1.0}, {'epoch': 13, 'loss': 3.519430176417033, 'bleu_score': -1.0}, {'epoch': 14, 'loss': 3.4331273873647055, 'bleu_score': -1.0}, {'epoch': 15, 'loss': 3.5104683081309003, 'bleu_score': 0.007742061455594695}, {'epoch': 16, 'loss': 3.5015594641367596, 'bleu_score': -1.0}, {'epoch': 17, 'loss': 3.3584830284118654, 'bleu_score': -1.0}, {'epoch': 18, 'loss': 3.4027748743693036, 'bleu_score': -1.0}, {'epoch': 19, 'loss': 3.444538116455078, 'bleu_score': -1.0}, {'epoch': 20, 'loss': 3.2710935274759927, 'bleu_score': 0.007256454925845499}, {'epoch': 21, 'loss': 3.3253738562266033, 'bleu_score': -1.0}, {'epoch': 22, 'loss': 3.2641273657480876, 'bleu_score': -1.0}, {'epoch': 23, 'loss': 3.2243525187174478, 'bleu_score': -1.0}, {'epoch': 24, 'loss': 3.2318266073862714, 'bleu_score': -1.0}, {'epoch': 25, 'loss': 3.2568266868591307, 'bleu_score': 0.010322616563616058}, {'epoch': 26, 'loss': 3.2088133811950685, 'bleu_score': -1.0}, {'epoch': 27, 'loss': 3.170428657531738, 'bleu_score': -1.0}, {'epoch': 28, 'loss': 3.2063509464263915, 'bleu_score': -1.0}, {'epoch': 29, 'loss': 3.068002875645955, 'bleu_score': -1.0}, {'epoch': 30, 'loss': 3.153630590438843, 'bleu_score': 0.007797568274946401}, {'epoch': 31, 'loss': 3.0762542406717936, 'bleu_score': -1.0}, {'epoch': 32, 'loss': 3.0109422127405803, 'bleu_score': -1.0}, {'epoch': 33, 'loss': 3.0510423024495443, 'bleu_score': -1.0}, {'epoch': 34, 'loss': 3.0141297817230224, 'bleu_score': -1.0}, {'epoch': 35, 'loss': 3.0322508335113527, 'bleu_score': 0.008244924618644142}, {'epoch': 36, 'loss': 2.897985029220581, 'bleu_score': -1.0}, {'epoch': 37, 'loss': 2.80485159556071, 'bleu_score': -1.0}, {'epoch': 38, 'loss': 2.9134714285532635, 'bleu_score': -1.0}, {'epoch': 39, 'loss': 2.8084447542826334, 'bleu_score': -1.0}, {'epoch': 40, 'loss': 2.8614271799723308, 'bleu_score': 0.007319138230334801}, {'epoch': 41, 'loss': 2.7848517497380576, 'bleu_score': -1.0}, {'epoch': 42, 'loss': 2.786825195948283, 'bleu_score': -1.0}, {'epoch': 43, 'loss': 2.724115554491679, 'bleu_score': -1.0}, {'epoch': 44, 'loss': 2.788776969909668, 'bleu_score': -1.0}, {'epoch': 45, 'loss': 2.7243851025899253, 'bleu_score': 0.015138514598766055}, {'epoch': 46, 'loss': 2.692247772216797, 'bleu_score': -1.0}, {'epoch': 47, 'loss': 2.645847686131795, 'bleu_score': -1.0}, {'epoch': 48, 'loss': 2.679580020904541, 'bleu_score': -1.0}, {'epoch': 49, 'loss': 2.589713788032532, 'bleu_score': -1.0}, {'epoch': 50, 'loss': 2.5696039756139117, 'bleu_score': 0.013015472814233087}, {'epoch': 51, 'loss': 2.6858057022094726, 'bleu_score': -1.0}, {'epoch': 52, 'loss': 2.5404338041941323, 'bleu_score': -1.0}, {'epoch': 53, 'loss': 2.558609406153361, 'bleu_score': -1.0}, {'epoch': 54, 'loss': 2.6517971674601237, 'bleu_score': -1.0}, {'epoch': 55, 'loss': 2.6075868606567383, 'bleu_score': 0.007319138230334801}, {'epoch': 56, 'loss': 2.524812698364258, 'bleu_score': -1.0}, {'epoch': 57, 'loss': 2.5164071798324583, 'bleu_score': -1.0}, {'epoch': 58, 'loss': 2.489160998662313, 'bleu_score': -1.0}, {'epoch': 59, 'loss': 2.4574576377868653, 'bleu_score': -1.0}, {'epoch': 60, 'loss': 2.460362672805786, 'bleu_score': 0.013015472814233087}, {'epoch': 61, 'loss': 2.4179482221603394, 'bleu_score': -1.0}, {'epoch': 62, 'loss': 2.488950332005819, 'bleu_score': -1.0}, {'epoch': 63, 'loss': 2.4149073362350464, 'bleu_score': -1.0}, {'epoch': 64, 'loss': 2.450399939219157, 'bleu_score': -1.0}, {'epoch': 65, 'loss': 2.4032769123713176, 'bleu_score': 0.013371598070651018}, {'epoch': 66, 'loss': 2.331994819641113, 'bleu_score': -1.0}, {'epoch': 67, 'loss': 2.372943886121114, 'bleu_score': -1.0}, {'epoch': 68, 'loss': 2.3642338196436565, 'bleu_score': -1.0}, {'epoch': 69, 'loss': 2.357054328918457, 'bleu_score': -1.0}, {'epoch': 70, 'loss': 2.293033480644226, 'bleu_score': 0.014368717227151264}, {'epoch': 71, 'loss': 2.291637984911601, 'bleu_score': -1.0}, {'epoch': 72, 'loss': 2.306252121925354, 'bleu_score': -1.0}, {'epoch': 73, 'loss': 2.2914985020955405, 'bleu_score': -1.0}, {'epoch': 74, 'loss': 2.2559192021687826, 'bleu_score': -1.0}, {'epoch': 75, 'loss': 2.2273807366689047, 'bleu_score': 0.018093428211808114}, {'epoch': 76, 'loss': 2.15977787176768, 'bleu_score': -1.0}, {'epoch': 77, 'loss': 2.1786471684773763, 'bleu_score': -1.0}, {'epoch': 78, 'loss': 2.175896326700846, 'bleu_score': -1.0}, {'epoch': 79, 'loss': 2.1867403030395507, 'bleu_score': -1.0}, {'epoch': 80, 'loss': 2.155160641670227, 'bleu_score': 0.015403119935626078}, {'epoch': 81, 'loss': 2.1575247128804524, 'bleu_score': -1.0}, {'epoch': 82, 'loss': 2.1279199600219725, 'bleu_score': -1.0}, {'epoch': 83, 'loss': 2.193951980272929, 'bleu_score': -1.0}, {'epoch': 84, 'loss': 2.1294509172439575, 'bleu_score': -1.0}, {'epoch': 85, 'loss': 2.1562735478083295, 'bleu_score': 0.013151738044561136}, {'epoch': 86, 'loss': 2.0934914032618206, 'bleu_score': -1.0}, {'epoch': 87, 'loss': 2.130490199724833, 'bleu_score': -1.0}, {'epoch': 88, 'loss': 2.0988690773646037, 'bleu_score': -1.0}, {'epoch': 89, 'loss': 2.0453991095225015, 'bleu_score': -1.0}, {'epoch': 90, 'loss': 2.0303861538569135, 'bleu_score': 0.01759801273242948}, {'epoch': 91, 'loss': 2.0588778336842855, 'bleu_score': -1.0}, {'epoch': 92, 'loss': 2.0686134338378905, 'bleu_score': -1.0}, {'epoch': 93, 'loss': 1.985005005200704, 'bleu_score': -1.0}, {'epoch': 94, 'loss': 2.0220852375030516, 'bleu_score': -1.0}, {'epoch': 95, 'loss': 2.0551692247390747, 'bleu_score': 0.008307593389881981}, {'epoch': 96, 'loss': 2.0300766309102376, 'bleu_score': -1.0}, {'epoch': 97, 'loss': 2.045681055386861, 'bleu_score': -1.0}, {'epoch': 98, 'loss': 1.9713774998982747, 'bleu_score': -1.0}, {'epoch': 99, 'loss': 1.9299142599105834, 'bleu_score': -1.0}, {'epoch': 100, 'loss': 1.951598342259725, 'bleu_score': 0.0076067062757281265}, {'epoch': 101, 'loss': 1.9365923007329304, 'bleu_score': -1.0}, {'epoch': 102, 'loss': 1.9796992619832356, 'bleu_score': -1.0}, {'epoch': 103, 'loss': 1.970632537206014, 'bleu_score': -1.0}, {'epoch': 104, 'loss': 1.8822438796361287, 'bleu_score': -1.0}, {'epoch': 105, 'loss': 1.9035340150197346, 'bleu_score': 0.008165096453956038}, {'epoch': 106, 'loss': 1.8622873226801555, 'bleu_score': -1.0}, {'epoch': 107, 'loss': 1.8796106974283855, 'bleu_score': -1.0}, {'epoch': 108, 'loss': 1.8805811564127604, 'bleu_score': -1.0}, {'epoch': 109, 'loss': 1.8967286825180054, 'bleu_score': -1.0}, {'epoch': 110, 'loss': 1.826689648628235, 'bleu_score': 0.08120876662566007}, {'epoch': 111, 'loss': 1.8671877225240072, 'bleu_score': -1.0}, {'epoch': 112, 'loss': 1.802906624476115, 'bleu_score': -1.0}, {'epoch': 113, 'loss': 1.810096017519633, 'bleu_score': -1.0}, {'epoch': 114, 'loss': 1.7546189308166504, 'bleu_score': -1.0}, {'epoch': 115, 'loss': 1.737143325805664, 'bleu_score': 0.007967029608176046}, {'epoch': 116, 'loss': 1.7551395098368328, 'bleu_score': -1.0}, {'epoch': 117, 'loss': 1.7242600679397584, 'bleu_score': -1.0}, {'epoch': 118, 'loss': 1.8456863244374593, 'bleu_score': -1.0}, {'epoch': 119, 'loss': 1.701440938313802, 'bleu_score': -1.0}, {'epoch': 120, 'loss': 1.7245603799819946, 'bleu_score': 0.033098038777799293}, {'epoch': 121, 'loss': 1.693117117881775, 'bleu_score': -1.0}, {'epoch': 122, 'loss': 1.719376564025879, 'bleu_score': -1.0}, {'epoch': 123, 'loss': 1.686546754837036, 'bleu_score': -1.0}, {'epoch': 124, 'loss': 1.6456263144810994, 'bleu_score': -1.0}, {'epoch': 125, 'loss': 1.6430278062820434, 'bleu_score': 0.07680469235920007}, {'epoch': 126, 'loss': 1.6220853328704834, 'bleu_score': -1.0}, {'epoch': 127, 'loss': 1.628839095433553, 'bleu_score': -1.0}, {'epoch': 128, 'loss': 1.6891085863113404, 'bleu_score': -1.0}, {'epoch': 129, 'loss': 1.6201937794685364, 'bleu_score': -1.0}, {'epoch': 130, 'loss': 1.5975901206334433, 'bleu_score': 0.07955211710019439}, {'epoch': 131, 'loss': 1.6833351055781047, 'bleu_score': -1.0}, {'epoch': 132, 'loss': 1.5939337611198425, 'bleu_score': -1.0}, {'epoch': 133, 'loss': 1.6398746649424234, 'bleu_score': -1.0}, {'epoch': 134, 'loss': 1.6124127546946208, 'bleu_score': -1.0}, {'epoch': 135, 'loss': 1.5967583696047465, 'bleu_score': 0.0845694117191406}, {'epoch': 136, 'loss': 1.5369106610616048, 'bleu_score': -1.0}, {'epoch': 137, 'loss': 1.4915151476860047, 'bleu_score': -1.0}, {'epoch': 138, 'loss': 1.586304986476898, 'bleu_score': -1.0}, {'epoch': 139, 'loss': 1.4888374010721843, 'bleu_score': -1.0}, {'epoch': 140, 'loss': 1.6325928529103597, 'bleu_score': 0.007458014169176072}, {'epoch': 141, 'loss': 1.4127973318099976, 'bleu_score': -1.0}, {'epoch': 142, 'loss': 1.4838247696558635, 'bleu_score': -1.0}, {'epoch': 143, 'loss': 1.4833441336949666, 'bleu_score': -1.0}, {'epoch': 144, 'loss': 1.401883057753245, 'bleu_score': -1.0}, {'epoch': 145, 'loss': 1.4873863855997722, 'bleu_score': 0.06652242964119032}, {'epoch': 146, 'loss': 1.4750268737475076, 'bleu_score': -1.0}, {'epoch': 147, 'loss': 1.4739458203315734, 'bleu_score': -1.0}, {'epoch': 148, 'loss': 1.4910131096839905, 'bleu_score': -1.0}, {'epoch': 149, 'loss': 1.4297016859054565, 'bleu_score': -1.0}, {'epoch': 150, 'loss': 1.3787612636884055, 'bleu_score': 0.08036294016793065}, {'epoch': 151, 'loss': 1.393466305732727, 'bleu_score': -1.0}, {'epoch': 152, 'loss': 1.3850724816322326, 'bleu_score': -1.0}, {'epoch': 153, 'loss': 1.3580303986867268, 'bleu_score': -1.0}, {'epoch': 154, 'loss': 1.4136235952377318, 'bleu_score': -1.0}, {'epoch': 155, 'loss': 1.2621111750602723, 'bleu_score': 0.10505210643614252}, {'epoch': 156, 'loss': 1.4192116340001424, 'bleu_score': -1.0}, {'epoch': 157, 'loss': 1.329663066069285, 'bleu_score': -1.0}, {'epoch': 158, 'loss': 1.3930511474609375, 'bleu_score': -1.0}, {'epoch': 159, 'loss': 1.273309552669525, 'bleu_score': -1.0}, {'epoch': 160, 'loss': 1.3002904494603476, 'bleu_score': 0.12669149534934904}, {'epoch': 161, 'loss': 1.278883202870687, 'bleu_score': -1.0}, {'epoch': 162, 'loss': 1.3205800811449686, 'bleu_score': -1.0}, {'epoch': 163, 'loss': 1.3045273760954539, 'bleu_score': -1.0}, {'epoch': 164, 'loss': 1.3378432432810465, 'bleu_score': -1.0}, {'epoch': 165, 'loss': 1.360251748561859, 'bleu_score': 0.1365958393596228}, {'epoch': 166, 'loss': 1.2376413544019063, 'bleu_score': -1.0}, {'epoch': 167, 'loss': 1.1890546043713888, 'bleu_score': -1.0}, {'epoch': 168, 'loss': 1.2080973982810974, 'bleu_score': -1.0}, {'epoch': 169, 'loss': 1.182253352801005, 'bleu_score': -1.0}, {'epoch': 170, 'loss': 1.250797430674235, 'bleu_score': 0.16389438191428674}, {'epoch': 171, 'loss': 1.2416150450706482, 'bleu_score': -1.0}, {'epoch': 172, 'loss': 1.2099900563557944, 'bleu_score': -1.0}, {'epoch': 173, 'loss': 1.1911749800046285, 'bleu_score': -1.0}, {'epoch': 174, 'loss': 1.2114852329095205, 'bleu_score': -1.0}, {'epoch': 175, 'loss': 1.161195409297943, 'bleu_score': 0.12306030928563981}, {'epoch': 176, 'loss': 1.1163569291432698, 'bleu_score': -1.0}, {'epoch': 177, 'loss': 1.1426183462142945, 'bleu_score': -1.0}, {'epoch': 178, 'loss': 1.154592494169871, 'bleu_score': -1.0}, {'epoch': 179, 'loss': 1.190410606066386, 'bleu_score': -1.0}, {'epoch': 180, 'loss': 1.1226385951042175, 'bleu_score': 0.20173259755113235}, {'epoch': 181, 'loss': 1.146894347667694, 'bleu_score': -1.0}, {'epoch': 182, 'loss': 1.1084416826566061, 'bleu_score': -1.0}, {'epoch': 183, 'loss': 1.0750262558460235, 'bleu_score': -1.0}, {'epoch': 184, 'loss': 1.031288703282674, 'bleu_score': -1.0}, {'epoch': 185, 'loss': 1.0510536233584087, 'bleu_score': 0.19997125216351216}, {'epoch': 186, 'loss': 1.0757887363433838, 'bleu_score': -1.0}, {'epoch': 187, 'loss': 1.106396480401357, 'bleu_score': -1.0}, {'epoch': 188, 'loss': 1.0972966611385346, 'bleu_score': -1.0}, {'epoch': 189, 'loss': 1.011503565311432, 'bleu_score': -1.0}, {'epoch': 190, 'loss': 1.018358019987742, 'bleu_score': 0.14114303102965037}, {'epoch': 191, 'loss': 0.915165223677953, 'bleu_score': -1.0}, {'epoch': 192, 'loss': 1.0192389130592345, 'bleu_score': -1.0}, {'epoch': 193, 'loss': 1.005062468846639, 'bleu_score': -1.0}, {'epoch': 194, 'loss': 1.0109109997749328, 'bleu_score': -1.0}, {'epoch': 195, 'loss': 1.025704554716746, 'bleu_score': 0.20284927599752323}, {'epoch': 196, 'loss': 0.9825339277585348, 'bleu_score': -1.0}, {'epoch': 197, 'loss': 1.0310654044151306, 'bleu_score': -1.0}, {'epoch': 198, 'loss': 0.8949529230594635, 'bleu_score': -1.0}, {'epoch': 199, 'loss': 0.9567507068316142, 'bleu_score': -1.0}, {'epoch': 200, 'loss': 0.877427613735199, 'bleu_score': 0.14965975078050625}]
2025-08-16 04:06:02,575 - INFO - 
--- Testing Bidirectional Translation ---
2025-08-16 04:06:02,575 - INFO - 
English to Sanskrit:
2025-08-16 04:06:02,655 - INFO - 'hello' -> 'नमस्ते'
2025-08-16 04:06:02,732 - INFO - 'cat' -> 'बिल्लल'
2025-08-16 04:06:02,907 - INFO - 'I am a student.' -> 'अहं छाा्रोऽस््त।'
2025-08-16 04:06:02,908 - INFO - 
Sanskrit to English:
2025-08-16 04:06:02,973 - INFO - 'नमस्ते' -> 'hello'
2025-08-16 04:06:03,022 - INFO - 'बिल्ली' -> 'cat'
2025-08-16 04:06:03,193 - INFO - 'अहं छात्रोऽस्मि।' -> 'I am a stttoerr.'
2025-08-16 04:06:03,194 - INFO - 
Dummy files cleaned up.
2025-08-16 04:06:03,195 - INFO - 
--- Training Complete ---
